<?xml version="1.0" encoding="UTF-8"?>
<testsuite xmlns:xsi="http://www.w3.org/2001/XMLSchema-instance" xsi:noNamespaceSchemaLocation="https://maven.apache.org/surefire/maven-surefire-plugin/xsd/surefire-test-report-3.0.xsd" version="3.0" name="tg.bot.handlers.commands.StartCommandTest" time="1.723" tests="2" errors="0" skipped="0" failures="2">
  <properties>
[...]
</properties>
  <testcase name="whenUserExists_sendMainMenuIsCalled" classname="tg.bot.handlers.commands.StartCommandTest" time="1.668">
    <failure message="&#10;Wanted but not invoked:&#10;mainMenuService.sendMainMenu(12345L);&#10;-&gt; at tg.bot.view.MainMenuService.sendMainMenu(MainMenuService.java:28)&#10;Actually, there were zero interactions with this mock.&#10;" type="Wanted but not invoked"><![CDATA[Wanted but not invoked:
mainMenuService.sendMainMenu(12345L);
-> at tg.bot.view.MainMenuService.sendMainMenu(MainMenuService.java:28)
Actually, there were zero interactions with this mock.

	at tg.bot.view.MainMenuService.sendMainMenu(MainMenuService.java:28)
	at tg.bot.handlers.commands.StartCommandTest.whenUserExists_sendMainMenuIsCalled(StartCommandTest.java:54)
	at java.base/java.lang.reflect.Method.invoke(Method.java:568)
	at java.base/java.util.ArrayList.forEach(ArrayList.java:1511)
	at java.base/java.util.ArrayList.forEach(ArrayList.java:1511)
]]></failure>
  </testcase>
  <testcase name="whenUserDoesNotExist_requestPhoneNumberIsSent" classname="tg.bot.handlers.commands.StartCommandTest" time="0.013">
    <failure message="&#10;Wanted but not invoked:&#10;absSender.execute(&#10;    &lt;Capturing argument: SendMessage&gt;&#10;);&#10;-&gt; at org.telegram.telegrambots.meta.bots.AbsSender.execute(AbsSender.java:58)&#10;Actually, there were zero interactions with this mock.&#10;" type="Wanted but not invoked"><![CDATA[Wanted but not invoked:
absSender.execute(
    <Capturing argument: SendMessage>
);
-> at org.telegram.telegrambots.meta.bots.AbsSender.execute(AbsSender.java:58)
Actually, there were zero interactions with this mock.

	at org.telegram.telegrambots.meta.bots.AbsSender.execute(AbsSender.java:58)
	at tg.bot.handlers.commands.StartCommandTest.whenUserDoesNotExist_requestPhoneNumberIsSent(StartCommandTest.java:70)
	at java.base/java.lang.reflect.Method.invoke(Method.java:568)
	at java.base/java.util.ArrayList.forEach(ArrayList.java:1511)
	at java.base/java.util.ArrayList.forEach(ArrayList.java:1511)
]]></failure>
  </testcase>
</testsuite>