-------------------------------------------------------------------------------
Test set: tg.bot.handlers.commands.StartCommandTest
-------------------------------------------------------------------------------
Tests run: 2, Failures: 2, Errors: 0, Skipped: 0, Time elapsed: 1.723 s <<< FAILURE! -- in tg.bot.handlers.commands.StartCommandTest
tg.bot.handlers.commands.StartCommandTest.whenUserExists_sendMainMenuIsCalled -- Time elapsed: 1.668 s <<< FAILURE!
Wanted but not invoked:
mainMenuService.sendMainMenu(12345L);
-> at tg.bot.view.MainMenuService.sendMainMenu(MainMenuService.java:28)
Actually, there were zero interactions with this mock.

	at tg.bot.view.MainMenuService.sendMainMenu(MainMenuService.java:28)
	at tg.bot.handlers.commands.StartCommandTest.whenUserExists_sendMainMenuIsCalled(StartCommandTest.java:54)
	at java.base/java.lang.reflect.Method.invoke(Method.java:568)
	at java.base/java.util.ArrayList.forEach(ArrayList.java:1511)
	at java.base/java.util.ArrayList.forEach(ArrayList.java:1511)

tg.bot.handlers.commands.StartCommandTest.whenUserDoesNotExist_requestPhoneNumberIsSent -- Time elapsed: 0.013 s <<< FAILURE!
Wanted but not invoked:
absSender.execute(
    <Capturing argument: SendMessage>
);
-> at org.telegram.telegrambots.meta.bots.AbsSender.execute(AbsSender.java:58)
Actually, there were zero interactions with this mock.

	at org.telegram.telegrambots.meta.bots.AbsSender.execute(AbsSender.java:58)
	at tg.bot.handlers.commands.StartCommandTest.whenUserDoesNotExist_requestPhoneNumberIsSent(StartCommandTest.java:70)
	at java.base/java.lang.reflect.Method.invoke(Method.java:568)
	at java.base/java.util.ArrayList.forEach(ArrayList.java:1511)
	at java.base/java.util.ArrayList.forEach(ArrayList.java:1511)

